<?xml version="1.0" encoding="UTF-8"?>
<testsuite xmlns:xsi="http://www.w3.org/2001/XMLSchema-instance" xsi:noNamespaceSchemaLocation="https://maven.apache.org/surefire/maven-surefire-plugin/xsd/surefire-test-report-3.0.xsd" version="3.0" name="com.Kafka.Kafka.KafkaApplicationTests" time="8.607" tests="1" errors="0" skipped="0" failures="0">
  <properties>
[...]
</properties>
  <testcase name="contextLoads" classname="com.Kafka.Kafka.KafkaApplicationTests" time="1.964">
    <system-out><![CDATA[01:03:33.276 [main] INFO org.springframework.test.context.support.AnnotationConfigContextLoaderUtils -- Could not detect default configuration classes for test class [com.Kafka.Kafka.KafkaApplicationTests]: KafkaApplicationTests does not declare any static, non-private, non-final, nested classes annotated with @Configuration.
01:03:33.617 [main] INFO org.springframework.boot.test.context.SpringBootTestContextBootstrapper -- Found @SpringBootConfiguration com.Kafka.Kafka.KafkaApplication for test class com.Kafka.Kafka.KafkaApplicationTests

  .   ____          _            __ _ _
 /\\ / ___'_ __ _ _(_)_ __  __ _ \ \ \ \
( ( )\___ | '_ | '_| | '_ \/ _` | \ \ \ \
 \\/  ___)| |_)| | | | | || (_| |  ) ) ) )
  '  |____| .__|_| |_|_| |_\__, | / / / /
 =========|_|==============|___/=/_/_/_/
 :: Spring Boot ::                (v3.2.4)

2024-03-28T01:03:35.477+02:00  INFO 14320 --- [Kafka] [           main] com.Kafka.Kafka.KafkaApplicationTests    : Starting KafkaApplicationTests using Java 17.0.10 with PID 14320 (started by devwork in C:\Users\devwork\Documents\shop\kafka\kafka-java-demo)
2024-03-28T01:03:35.483+02:00  INFO 14320 --- [Kafka] [           main] com.Kafka.Kafka.KafkaApplicationTests    : No active profile set, falling back to 1 default profile: "default"
2024-03-28T01:03:39.590+02:00  INFO 14320 --- [Kafka] [           main] com.Kafka.Kafka.KafkaApplicationTests    : Started KafkaApplicationTests in 5.254 seconds (process running for 7.87)
]]></system-out>
  </testcase>
</testsuite>